  main.cpp
C:\Users\fulim\Desktop\GPAssignment\GPAssignment\main.cpp(72,19): warning C4305: 'initializing': truncation from 'double' to 'float'
C:\Users\fulim\Desktop\GPAssignment\GPAssignment\main.cpp(223,23): warning C4305: '=': truncation from 'double' to 'float'
C:\Users\fulim\Desktop\GPAssignment\GPAssignment\main.cpp(808,16): warning C4305: 'argument': truncation from 'double' to 'GLfloat'
C:\Users\fulim\Desktop\GPAssignment\GPAssignment\main.cpp(810,16): warning C4305: 'argument': truncation from 'double' to 'GLfloat'
C:\Users\fulim\Desktop\GPAssignment\GPAssignment\main.cpp(815,21): warning C4305: 'argument': truncation from 'double' to 'GLfloat'
C:\Users\fulim\Desktop\GPAssignment\GPAssignment\main.cpp(821,21): warning C4305: 'argument': truncation from 'double' to 'GLfloat'
C:\Users\fulim\Desktop\GPAssignment\GPAssignment\main.cpp(824,21): warning C4305: 'argument': truncation from 'double' to 'GLfloat'
C:\Users\fulim\Desktop\GPAssignment\GPAssignment\main.cpp(828,16): warning C4305: 'argument': truncation from 'double' to 'GLfloat'
C:\Users\fulim\Desktop\GPAssignment\GPAssignment\main.cpp(830,21): warning C4305: 'argument': truncation from 'double' to 'GLfloat'
C:\Users\fulim\Desktop\GPAssignment\GPAssignment\main.cpp(833,21): warning C4305: 'argument': truncation from 'double' to 'GLfloat'
C:\Users\fulim\Desktop\GPAssignment\GPAssignment\main.cpp(835,16): warning C4305: 'argument': truncation from 'double' to 'GLfloat'
C:\Users\fulim\Desktop\GPAssignment\GPAssignment\main.cpp(837,16): warning C4305: 'argument': truncation from 'double' to 'GLfloat'
C:\Users\fulim\Desktop\GPAssignment\GPAssignment\main.cpp(839,21): warning C4305: 'argument': truncation from 'double' to 'GLfloat'
C:\Users\fulim\Desktop\GPAssignment\GPAssignment\main.cpp(842,21): warning C4305: 'argument': truncation from 'double' to 'GLfloat'
C:\Users\fulim\Desktop\GPAssignment\GPAssignment\main.cpp(844,16): warning C4305: 'argument': truncation from 'double' to 'GLfloat'
C:\Users\fulim\Desktop\GPAssignment\GPAssignment\main.cpp(848,21): warning C4305: 'argument': truncation from 'double' to 'GLfloat'
C:\Users\fulim\Desktop\GPAssignment\GPAssignment\main.cpp(951,47): warning C4305: 'initializing': truncation from 'double' to 'float'
C:\Users\fulim\Desktop\GPAssignment\GPAssignment\main.cpp(951,69): warning C4305: 'initializing': truncation from 'double' to 'float'
C:\Users\fulim\Desktop\GPAssignment\GPAssignment\main.cpp(959,31): warning C4305: 'argument': truncation from 'double' to 'GLfloat'
C:\Users\fulim\Desktop\GPAssignment\GPAssignment\main.cpp(959,25): warning C4305: 'argument': truncation from 'double' to 'GLfloat'
C:\Users\fulim\Desktop\GPAssignment\GPAssignment\main.cpp(959,19): warning C4305: 'argument': truncation from 'double' to 'GLfloat'
C:\Users\fulim\Desktop\GPAssignment\GPAssignment\main.cpp(967,29): warning C4305: 'argument': truncation from 'double' to 'GLfloat'
C:\Users\fulim\Desktop\GPAssignment\GPAssignment\main.cpp(967,19): warning C4305: 'argument': truncation from 'double' to 'GLfloat'
C:\Users\fulim\Desktop\GPAssignment\GPAssignment\main.cpp(973,24): warning C4305: 'argument': truncation from 'double' to 'GLfloat'
C:\Users\fulim\Desktop\GPAssignment\GPAssignment\main.cpp(990,27): warning C4305: 'argument': truncation from 'double' to 'GLfloat'
C:\Users\fulim\Desktop\GPAssignment\GPAssignment\main.cpp(990,21): warning C4305: 'argument': truncation from 'double' to 'GLfloat'
C:\Users\fulim\Desktop\GPAssignment\GPAssignment\main.cpp(990,15): warning C4305: 'argument': truncation from 'double' to 'GLfloat'
C:\Users\fulim\Desktop\GPAssignment\GPAssignment\main.cpp(991,27): warning C4305: 'argument': truncation from 'double' to 'float'
C:\Users\fulim\Desktop\GPAssignment\GPAssignment\main.cpp(991,22): warning C4305: 'argument': truncation from 'double' to 'float'
C:\Users\fulim\Desktop\GPAssignment\GPAssignment\main.cpp(991,16): warning C4305: 'argument': truncation from 'double' to 'float'
C:\Users\fulim\Desktop\GPAssignment\GPAssignment\main.cpp(997,27): warning C4305: 'argument': truncation from 'double' to 'float'
C:\Users\fulim\Desktop\GPAssignment\GPAssignment\main.cpp(997,22): warning C4305: 'argument': truncation from 'double' to 'float'
C:\Users\fulim\Desktop\GPAssignment\GPAssignment\main.cpp(997,16): warning C4305: 'argument': truncation from 'double' to 'float'
C:\Users\fulim\Desktop\GPAssignment\GPAssignment\main.cpp(1003,30): warning C4305: 'argument': truncation from 'double' to 'GLfloat'
C:\Users\fulim\Desktop\GPAssignment\GPAssignment\main.cpp(1003,24): warning C4305: 'argument': truncation from 'double' to 'GLfloat'
C:\Users\fulim\Desktop\GPAssignment\GPAssignment\main.cpp(1003,18): warning C4305: 'argument': truncation from 'double' to 'GLfloat'
C:\Users\fulim\Desktop\GPAssignment\GPAssignment\main.cpp(1005,27): warning C4305: 'argument': truncation from 'double' to 'GLfloat'
C:\Users\fulim\Desktop\GPAssignment\GPAssignment\main.cpp(1005,21): warning C4305: 'argument': truncation from 'double' to 'GLfloat'
C:\Users\fulim\Desktop\GPAssignment\GPAssignment\main.cpp(1005,15): warning C4305: 'argument': truncation from 'double' to 'GLfloat'
C:\Users\fulim\Desktop\GPAssignment\GPAssignment\main.cpp(1006,27): warning C4305: 'argument': truncation from 'double' to 'float'
C:\Users\fulim\Desktop\GPAssignment\GPAssignment\main.cpp(1006,21): warning C4305: 'argument': truncation from 'double' to 'float'
C:\Users\fulim\Desktop\GPAssignment\GPAssignment\main.cpp(1006,16): warning C4305: 'argument': truncation from 'double' to 'float'
C:\Users\fulim\Desktop\GPAssignment\GPAssignment\main.cpp(1011,30): warning C4305: 'argument': truncation from 'double' to 'GLfloat'
C:\Users\fulim\Desktop\GPAssignment\GPAssignment\main.cpp(1011,24): warning C4305: 'argument': truncation from 'double' to 'GLfloat'
C:\Users\fulim\Desktop\GPAssignment\GPAssignment\main.cpp(1011,18): warning C4305: 'argument': truncation from 'double' to 'GLfloat'
C:\Users\fulim\Desktop\GPAssignment\GPAssignment\main.cpp(1014,27): warning C4305: 'argument': truncation from 'double' to 'float'
C:\Users\fulim\Desktop\GPAssignment\GPAssignment\main.cpp(1014,21): warning C4305: 'argument': truncation from 'double' to 'float'
C:\Users\fulim\Desktop\GPAssignment\GPAssignment\main.cpp(1014,16): warning C4305: 'argument': truncation from 'double' to 'float'
C:\Users\fulim\Desktop\GPAssignment\GPAssignment\main.cpp(1020,29): warning C4305: 'argument': truncation from 'double' to 'GLfloat'
C:\Users\fulim\Desktop\GPAssignment\GPAssignment\main.cpp(1020,23): warning C4305: 'argument': truncation from 'double' to 'GLfloat'
C:\Users\fulim\Desktop\GPAssignment\GPAssignment\main.cpp(1020,18): warning C4305: 'argument': truncation from 'double' to 'GLfloat'
C:\Users\fulim\Desktop\GPAssignment\GPAssignment\main.cpp(1022,27): warning C4305: 'argument': truncation from 'double' to 'GLfloat'
C:\Users\fulim\Desktop\GPAssignment\GPAssignment\main.cpp(1022,21): warning C4305: 'argument': truncation from 'double' to 'GLfloat'
C:\Users\fulim\Desktop\GPAssignment\GPAssignment\main.cpp(1022,15): warning C4305: 'argument': truncation from 'double' to 'GLfloat'
C:\Users\fulim\Desktop\GPAssignment\GPAssignment\main.cpp(1023,28): warning C4305: 'argument': truncation from 'double' to 'float'
C:\Users\fulim\Desktop\GPAssignment\GPAssignment\main.cpp(1023,22): warning C4305: 'argument': truncation from 'double' to 'float'
C:\Users\fulim\Desktop\GPAssignment\GPAssignment\main.cpp(1023,16): warning C4305: 'argument': truncation from 'double' to 'float'
C:\Users\fulim\Desktop\GPAssignment\GPAssignment\main.cpp(1028,29): warning C4305: 'argument': truncation from 'double' to 'GLfloat'
C:\Users\fulim\Desktop\GPAssignment\GPAssignment\main.cpp(1028,23): warning C4305: 'argument': truncation from 'double' to 'GLfloat'
C:\Users\fulim\Desktop\GPAssignment\GPAssignment\main.cpp(1028,18): warning C4305: 'argument': truncation from 'double' to 'GLfloat'
C:\Users\fulim\Desktop\GPAssignment\GPAssignment\main.cpp(1031,28): warning C4305: 'argument': truncation from 'double' to 'float'
C:\Users\fulim\Desktop\GPAssignment\GPAssignment\main.cpp(1031,22): warning C4305: 'argument': truncation from 'double' to 'float'
C:\Users\fulim\Desktop\GPAssignment\GPAssignment\main.cpp(1031,16): warning C4305: 'argument': truncation from 'double' to 'float'
C:\Users\fulim\Desktop\GPAssignment\GPAssignment\main.cpp(1036,31): warning C4305: 'argument': truncation from 'double' to 'GLfloat'
C:\Users\fulim\Desktop\GPAssignment\GPAssignment\main.cpp(1036,25): warning C4305: 'argument': truncation from 'double' to 'GLfloat'
C:\Users\fulim\Desktop\GPAssignment\GPAssignment\main.cpp(1036,18): warning C4305: 'argument': truncation from 'double' to 'GLfloat'
C:\Users\fulim\Desktop\GPAssignment\GPAssignment\main.cpp(1044,30): warning C4305: 'argument': truncation from 'double' to 'GLfloat'
C:\Users\fulim\Desktop\GPAssignment\GPAssignment\main.cpp(1044,23): warning C4305: 'argument': truncation from 'double' to 'GLfloat'
C:\Users\fulim\Desktop\GPAssignment\GPAssignment\main.cpp(1044,18): warning C4305: 'argument': truncation from 'double' to 'GLfloat'
C:\Users\fulim\Desktop\GPAssignment\GPAssignment\main.cpp(1046,27): warning C4305: 'argument': truncation from 'double' to 'GLfloat'
C:\Users\fulim\Desktop\GPAssignment\GPAssignment\main.cpp(1046,21): warning C4305: 'argument': truncation from 'double' to 'GLfloat'
C:\Users\fulim\Desktop\GPAssignment\GPAssignment\main.cpp(1046,15): warning C4305: 'argument': truncation from 'double' to 'GLfloat'
C:\Users\fulim\Desktop\GPAssignment\GPAssignment\main.cpp(1047,28): warning C4305: 'argument': truncation from 'double' to 'float'
C:\Users\fulim\Desktop\GPAssignment\GPAssignment\main.cpp(1047,22): warning C4305: 'argument': truncation from 'double' to 'float'
C:\Users\fulim\Desktop\GPAssignment\GPAssignment\main.cpp(1047,16): warning C4305: 'argument': truncation from 'double' to 'float'
C:\Users\fulim\Desktop\GPAssignment\GPAssignment\main.cpp(1052,30): warning C4305: 'argument': truncation from 'double' to 'GLfloat'
C:\Users\fulim\Desktop\GPAssignment\GPAssignment\main.cpp(1052,23): warning C4305: 'argument': truncation from 'double' to 'GLfloat'
C:\Users\fulim\Desktop\GPAssignment\GPAssignment\main.cpp(1052,18): warning C4305: 'argument': truncation from 'double' to 'GLfloat'
C:\Users\fulim\Desktop\GPAssignment\GPAssignment\main.cpp(1055,28): warning C4305: 'argument': truncation from 'double' to 'float'
C:\Users\fulim\Desktop\GPAssignment\GPAssignment\main.cpp(1055,22): warning C4305: 'argument': truncation from 'double' to 'float'
C:\Users\fulim\Desktop\GPAssignment\GPAssignment\main.cpp(1055,16): warning C4305: 'argument': truncation from 'double' to 'float'
C:\Users\fulim\Desktop\GPAssignment\GPAssignment\main.cpp(1061,30): warning C4305: 'argument': truncation from 'double' to 'GLfloat'
C:\Users\fulim\Desktop\GPAssignment\GPAssignment\main.cpp(1061,23): warning C4305: 'argument': truncation from 'double' to 'GLfloat'
C:\Users\fulim\Desktop\GPAssignment\GPAssignment\main.cpp(1061,18): warning C4305: 'argument': truncation from 'double' to 'GLfloat'
C:\Users\fulim\Desktop\GPAssignment\GPAssignment\main.cpp(1063,27): warning C4305: 'argument': truncation from 'double' to 'GLfloat'
C:\Users\fulim\Desktop\GPAssignment\GPAssignment\main.cpp(1063,21): warning C4305: 'argument': truncation from 'double' to 'GLfloat'
C:\Users\fulim\Desktop\GPAssignment\GPAssignment\main.cpp(1063,15): warning C4305: 'argument': truncation from 'double' to 'GLfloat'
C:\Users\fulim\Desktop\GPAssignment\GPAssignment\main.cpp(1064,28): warning C4305: 'argument': truncation from 'double' to 'float'
C:\Users\fulim\Desktop\GPAssignment\GPAssignment\main.cpp(1064,22): warning C4305: 'argument': truncation from 'double' to 'float'
C:\Users\fulim\Desktop\GPAssignment\GPAssignment\main.cpp(1064,16): warning C4305: 'argument': truncation from 'double' to 'float'
C:\Users\fulim\Desktop\GPAssignment\GPAssignment\main.cpp(1069,30): warning C4305: 'argument': truncation from 'double' to 'GLfloat'
C:\Users\fulim\Desktop\GPAssignment\GPAssignment\main.cpp(1069,23): warning C4305: 'argument': truncation from 'double' to 'GLfloat'
C:\Users\fulim\Desktop\GPAssignment\GPAssignment\main.cpp(1069,18): warning C4305: 'argument': truncation from 'double' to 'GLfloat'
C:\Users\fulim\Desktop\GPAssignment\GPAssignment\main.cpp(1072,28): warning C4305: 'argument': truncation from 'double' to 'float'
C:\Users\fulim\Desktop\GPAssignment\GPAssignment\main.cpp(1072,22): warning C4305: 'argument': truncation from 'double' to 'float'
C:\Users\fulim\Desktop\GPAssignment\GPAssignment\main.cpp(1072,16): warning C4305: 'argument': truncation from 'double' to 'float'
C:\Users\fulim\Desktop\GPAssignment\GPAssignment\main.cpp(1078,32): warning C4305: 'argument': truncation from 'double' to 'GLfloat'
C:\Users\fulim\Desktop\GPAssignment\GPAssignment\main.cpp(1078,24): warning C4305: 'argument': truncation from 'double' to 'GLfloat'
C:\Users\fulim\Desktop\GPAssignment\GPAssignment\main.cpp(1078,18): warning C4305: 'argument': truncation from 'double' to 'GLfloat'
C:\Users\fulim\Desktop\GPAssignment\GPAssignment\main.cpp(1080,27): warning C4305: 'argument': truncation from 'double' to 'GLfloat'
C:\Users\fulim\Desktop\GPAssignment\GPAssignment\main.cpp(1080,21): warning C4305: 'argument': truncation from 'double' to 'GLfloat'
C:\Users\fulim\Desktop\GPAssignment\GPAssignment\main.cpp(1080,15): warning C4305: 'argument': truncation from 'double' to 'GLfloat'
C:\Users\fulim\Desktop\GPAssignment\GPAssignment\main.cpp(1081,28): warning C4305: 'argument': truncation from 'double' to 'float'
C:\Users\fulim\Desktop\GPAssignment\GPAssignment\main.cpp(1081,22): warning C4305: 'argument': truncation from 'double' to 'float'
C:\Users\fulim\Desktop\GPAssignment\GPAssignment\main.cpp(1081,16): warning C4305: 'argument': truncation from 'double' to 'float'
C:\Users\fulim\Desktop\GPAssignment\GPAssignment\main.cpp(1086,32): warning C4305: 'argument': truncation from 'double' to 'GLfloat'
C:\Users\fulim\Desktop\GPAssignment\GPAssignment\main.cpp(1086,24): warning C4305: 'argument': truncation from 'double' to 'GLfloat'
C:\Users\fulim\Desktop\GPAssignment\GPAssignment\main.cpp(1086,18): warning C4305: 'argument': truncation from 'double' to 'GLfloat'
C:\Users\fulim\Desktop\GPAssignment\GPAssignment\main.cpp(1089,28): warning C4305: 'argument': truncation from 'double' to 'float'
C:\Users\fulim\Desktop\GPAssignment\GPAssignment\main.cpp(1089,22): warning C4305: 'argument': truncation from 'double' to 'float'
C:\Users\fulim\Desktop\GPAssignment\GPAssignment\main.cpp(1089,16): warning C4305: 'argument': truncation from 'double' to 'float'
C:\Users\fulim\Desktop\GPAssignment\GPAssignment\main.cpp(1095,19): warning C4305: '=': truncation from 'double' to 'float'
C:\Users\fulim\Desktop\GPAssignment\GPAssignment\main.cpp(1106,29): warning C4305: 'argument': truncation from 'double' to 'GLfloat'
C:\Users\fulim\Desktop\GPAssignment\GPAssignment\main.cpp(1106,23): warning C4305: 'argument': truncation from 'double' to 'GLfloat'
C:\Users\fulim\Desktop\GPAssignment\GPAssignment\main.cpp(1106,18): warning C4305: 'argument': truncation from 'double' to 'GLfloat'
  GPAssignment.vcxproj -> C:\Users\fulim\Desktop\GPAssignment\x64\Debug\GPAssignment.exe
